2021-07-26 19:11:03 I This is The WinPmem memory imager. version 3.2
2021-07-26 19:11:03 I Extracted 45368 bytes into file:///C:/Users/ADMINI~1/AppData/Local/Temp/pme9C0B.tmp
2021-07-26 19:11:03 I Driver Unloaded.
2021-07-26 19:11:03 I Loaded Driver C:\Users\ADMINI~1\AppData\Local\Temp\pme9C0B.tmp
2021-07-26 19:11:03 I Setting acquisition mode 2
2021-07-26 19:11:03 I CR3: 0x00001AA002
 4 memory ranges:
Start 0x00001000 - Length 0x0009D000
Start 0x00100000 - Length 0x00002000
Start 0x00103000 - Length 0xEFEFD000
Start 0x100000000 - Length 0x10000000

2021-07-26 19:11:03 I Will write in raw format.
2021-07-26 19:11:03 I Setting acquisition mode 2
2021-07-26 19:11:03 I Dumping Range 0 (Starts at 0x001000, length 0x09d000
2021-07-26 19:11:03 I Dumping Range 1 (Starts at 0x100000, length 0x002000
2021-07-26 19:11:03 I Dumping Range 2 (Starts at 0x103000, length 0xefefd000
2021-07-26 19:11:03 I Dumping Range 3 (Starts at 0x100000000, length 0x10000000
2021-07-26 19:11:03 I Destination volume will be a flat file file:///C:/4n6/AChoir-min/AChoir-min/ACQ-IR-EC2AMAZ-37OM3IA-20210726-1911/MemDump/WinPmemDump.Raw.
2021-07-26 19:11:03 I  Reading 5948000 89 MiB / 4095 (357 MiB/s)
2021-07-26 19:11:04 I  Reading ef30000 239 MiB / 4095 (600 MiB/s)
2021-07-26 19:11:04 I  Reading 18d88000 397 MiB / 4095 (633 MiB/s)
2021-07-26 19:11:04 I  Reading 22598000 549 MiB / 4095 (608 MiB/s)
2021-07-26 19:11:04 I  Reading 2c3a8000 707 MiB / 4095 (632 MiB/s)
2021-07-26 19:11:05 I  Reading 34f30000 847 MiB / 4095 (558 MiB/s)
2021-07-26 19:11:05 I  Reading 3e5c0000 997 MiB / 4095 (602 MiB/s)
2021-07-26 19:11:05 I  Reading 47d98000 1149 MiB / 4095 (607 MiB/s)
2021-07-26 19:11:05 I  Reading 51020000 1296 MiB / 4095 (586 MiB/s)
2021-07-26 19:11:06 I  Reading 583d8000 1411 MiB / 4095 (126 MiB/s)
2021-07-26 19:11:07 I  Reading 5a400000 1444 MiB / 4095 (30 MiB/s)
2021-07-26 19:11:09 I  Reading 5d3f8000 1491 MiB / 4095 (44 MiB/s)
2021-07-26 19:11:10 I  Reading 603f8000 1539 MiB / 4095 (44 MiB/s)
2021-07-26 19:11:11 I  Reading 633f8000 1587 MiB / 4095 (45 MiB/s)
2021-07-26 19:11:12 I  Reading 663f8000 1635 MiB / 4095 (44 MiB/s)
2021-07-26 19:11:13 I  Reading 693f8000 1683 MiB / 4095 (46 MiB/s)
2021-07-26 19:11:14 I  Reading 6bc18000 1724 MiB / 4095 (36 MiB/s)
2021-07-26 19:11:15 I  Reading 6f410000 1780 MiB / 4095 (51 MiB/s)
2021-07-26 19:11:16 I  Reading 72410000 1828 MiB / 4095 (44 MiB/s)
2021-07-26 19:11:17 I  Reading 75410000 1876 MiB / 4095 (44 MiB/s)
2021-07-26 19:11:18 I  Reading 78388000 1923 MiB / 4095 (44 MiB/s)
2021-07-26 19:11:19 I  Reading 7b388000 1971 MiB / 4095 (44 MiB/s)
2021-07-26 19:11:21 I  Reading 7e388000 2019 MiB / 4095 (44 MiB/s)
2021-07-26 19:11:22 I  Reading 81388000 2067 MiB / 4095 (44 MiB/s)
2021-07-26 19:11:22 I  Reading 84388000 2115 MiB / 4095 (85 MiB/s)
2021-07-26 19:11:23 I  Reading 84b88000 2123 MiB / 4095 (10 MiB/s)
2021-07-26 19:11:24 I  Reading 86b08000 2155 MiB / 4095 (40 MiB/s)
2021-07-26 19:11:25 I  Reading 8a308000 2211 MiB / 4095 (52 MiB/s)
2021-07-26 19:11:26 I  Reading 8d308000 2259 MiB / 4095 (44 MiB/s)
2021-07-26 19:11:27 I  Reading 90308000 2307 MiB / 4095 (45 MiB/s)
2021-07-26 19:11:28 I  Reading 93308000 2355 MiB / 4095 (43 MiB/s)
2021-07-26 19:11:29 I  Reading 96308000 2403 MiB / 4095 (44 MiB/s)
2021-07-26 19:11:30 I  Reading 99308000 2451 MiB / 4095 (44 MiB/s)
2021-07-26 19:11:31 I  Reading 9c308000 2499 MiB / 4095 (44 MiB/s)
2021-07-26 19:11:32 I  Reading 9f308000 2547 MiB / 4095 (45 MiB/s)
2021-07-26 19:11:34 I  Reading a2308000 2595 MiB / 4095 (44 MiB/s)
2021-07-26 19:11:34 I  Reading a5308000 2643 MiB / 4095 (71 MiB/s)
2021-07-26 19:11:35 I  Reading a5b08000 2651 MiB / 4095 (8 MiB/s)
2021-07-26 19:11:36 I  Reading a9a08000 2714 MiB / 4095 (58 MiB/s)
2021-07-26 19:11:37 I  Reading aca08000 2762 MiB / 4095 (44 MiB/s)
2021-07-26 19:11:38 I  Reading afa08000 2810 MiB / 4095 (58 MiB/s)
2021-07-26 19:11:39 I  Reading b0a08000 2826 MiB / 4095 (20 MiB/s)
2021-07-26 19:11:40 I  Reading b4208000 2882 MiB / 4095 (52 MiB/s)
2021-07-26 19:11:41 I  Reading b7208000 2930 MiB / 4095 (44 MiB/s)
2021-07-26 19:11:42 I  Reading ba200000 2978 MiB / 4095 (44 MiB/s)
2021-07-26 19:11:43 I  Reading bd200000 3026 MiB / 4095 (44 MiB/s)
2021-07-26 19:11:44 I  Reading c0200000 3074 MiB / 4095 (44 MiB/s)
2021-07-26 19:11:45 I  Reading c3200000 3122 MiB / 4095 (44 MiB/s)
2021-07-26 19:11:47 I  Reading c6200000 3170 MiB / 4095 (44 MiB/s)
2021-07-26 19:11:48 I  Reading c9210000 3218 MiB / 4095 (45 MiB/s)
2021-07-26 19:11:49 I  Reading cc188000 3265 MiB / 4095 (44 MiB/s)
2021-07-26 19:11:50 I  Reading cf188000 3313 MiB / 4095 (46 MiB/s)
2021-07-26 19:11:51 I  Reading d2188000 3361 MiB / 4095 (46 MiB/s)
2021-07-26 19:11:52 I  Reading d5188000 3409 MiB / 4095 (46 MiB/s)
2021-07-26 19:11:53 I  Reading d8188000 3457 MiB / 4095 (46 MiB/s)
2021-07-26 19:11:54 I  Reading db108000 3505 MiB / 4095 (45 MiB/s)
2021-07-26 19:11:55 I  Reading de108000 3553 MiB / 4095 (46 MiB/s)
2021-07-26 19:11:56 I  Reading e1108000 3601 MiB / 4095 (46 MiB/s)
2021-07-26 19:11:57 I  Reading e4108000 3649 MiB / 4095 (46 MiB/s)
2021-07-26 19:11:58 I  Reading e7108000 3697 MiB / 4095 (46 MiB/s)
2021-07-26 19:11:59 I  Reading ea108000 3745 MiB / 4095 (46 MiB/s)
2021-07-26 19:12:00 I  Reading ed108000 3793 MiB / 4095 (46 MiB/s)
2021-07-26 19:12:01 I  Reading f0108000 3841 MiB / 4095 (46 MiB/s)
2021-07-26 19:12:02 I  Reading f3088000 3888 MiB / 4095 (45 MiB/s)
2021-07-26 19:12:03 I  Reading f6088000 3936 MiB / 4095 (46 MiB/s)
2021-07-26 19:12:04 I  Reading f7088000 3952 MiB / 4095 (30 MiB/s)
2021-07-26 19:12:05 I  Reading fa888000 4008 MiB / 4095 (53 MiB/s)
2021-07-26 19:12:06 I  Reading fd888000 4056 MiB / 4095 (46 MiB/s)
2021-07-26 19:12:07 I  Reading 1014a0000 4116 MiB / 4095 (57 MiB/s)
2021-07-26 19:12:08 I  Reading 105490000 4180 MiB / 4095 (61 MiB/s)
2021-07-26 19:12:09 I  Reading 109488000 4244 MiB / 4095 (61 MiB/s)
2021-07-26 19:12:10 I  Reading 10d488000 4308 MiB / 4095 (61 MiB/s)
2021-07-26 19:12:10 I Driver Unloaded.
2021-07-26 19:12:10 I Removed C:\Users\ADMINI~1\AppData\Local\Temp\pme9C0B.tmp
