2021-07-26 18:23:59 I This is The WinPmem memory imager. version 3.2
2021-07-26 18:23:59 I Extracted 45368 bytes into file:///C:/Users/ADMINI~1/AppData/Local/Temp/pmeE45D.tmp
2021-07-26 18:23:59 I Driver Unloaded.
2021-07-26 18:23:59 I Loaded Driver C:\Users\ADMINI~1\AppData\Local\Temp\pmeE45D.tmp
2021-07-26 18:23:59 I Setting acquisition mode 2
2021-07-26 18:23:59 I CR3: 0x00001AA002
 4 memory ranges:
Start 0x00001000 - Length 0x0009D000
Start 0x00100000 - Length 0x00002000
Start 0x00103000 - Length 0xEFEFD000
Start 0x100000000 - Length 0x10000000

2021-07-26 18:23:59 I Will write in raw format.
2021-07-26 18:23:59 I Setting acquisition mode 2
2021-07-26 18:23:59 I Dumping Range 0 (Starts at 0x001000, length 0x09d000
2021-07-26 18:23:59 I Dumping Range 1 (Starts at 0x100000, length 0x002000
2021-07-26 18:23:59 I Dumping Range 2 (Starts at 0x103000, length 0xefefd000
2021-07-26 18:23:59 I Dumping Range 3 (Starts at 0x100000000, length 0x10000000
2021-07-26 18:23:59 I Destination volume will be a flat file file:///C:/4n6/AChoir-min/AChoir-min/ACQ-IR-EC2AMAZ-C831NP5-20210726-1823/MemDump/WinPmemDump.Raw.
2021-07-26 18:23:59 I  Reading 4468000 68 MiB / 4095 (274 MiB/s)
2021-07-26 18:23:59 I  Reading ad38000 173 MiB / 4095 (419 MiB/s)
2021-07-26 18:23:59 I  Reading 12088000 288 MiB / 4095 (461 MiB/s)
2021-07-26 18:24:00 I  Reading 173f8000 371 MiB / 4095 (334 MiB/s)
2021-07-26 18:24:00 I  Reading 1e568000 485 MiB / 4095 (454 MiB/s)
2021-07-26 18:24:00 I  Reading 25608000 598 MiB / 4095 (450 MiB/s)
2021-07-26 18:24:00 I  Reading 2c8e0000 712 MiB / 4095 (459 MiB/s)
2021-07-26 18:24:01 I  Reading 33ae0000 826 MiB / 4095 (456 MiB/s)
2021-07-26 18:24:01 I  Reading 3ab88000 939 MiB / 4095 (451 MiB/s)
2021-07-26 18:24:01 I  Reading 41cb0000 1052 MiB / 4095 (453 MiB/s)
2021-07-26 18:24:01 I  Reading 482f8000 1154 MiB / 4095 (409 MiB/s)
2021-07-26 18:24:02 I  Reading 4eec8000 1262 MiB / 4095 (431 MiB/s)
2021-07-26 18:24:02 I  Reading 55f30000 1375 MiB / 4095 (450 MiB/s)
2021-07-26 18:24:02 I  Reading 5ced0000 1486 MiB / 4095 (446 MiB/s)
2021-07-26 18:24:03 I  Reading 62268000 1570 MiB / 4095 (113 MiB/s)
2021-07-26 18:24:04 I  Reading 64278000 1602 MiB / 4095 (31 MiB/s)
2021-07-26 18:24:05 I  Reading 67270000 1650 MiB / 4095 (46 MiB/s)
2021-07-26 18:24:06 I  Reading 6a270000 1698 MiB / 4095 (46 MiB/s)
2021-07-26 18:24:07 I  Reading 6d270000 1746 MiB / 4095 (46 MiB/s)
2021-07-26 18:24:08 I  Reading 70270000 1794 MiB / 4095 (45 MiB/s)
2021-07-26 18:24:09 I  Reading 732c0000 1842 MiB / 4095 (46 MiB/s)
2021-07-26 18:24:10 I  Reading 762a8000 1890 MiB / 4095 (46 MiB/s)
2021-07-26 18:24:11 I  Reading 792a8000 1938 MiB / 4095 (46 MiB/s)
2021-07-26 18:24:12 I  Reading 7c2a8000 1986 MiB / 4095 (46 MiB/s)
2021-07-26 18:24:13 I  Reading 7f2a8000 2034 MiB / 4095 (46 MiB/s)
2021-07-26 18:24:14 I  Reading 822a8000 2082 MiB / 4095 (46 MiB/s)
2021-07-26 18:24:15 I  Reading 852a8000 2130 MiB / 4095 (46 MiB/s)
2021-07-26 18:24:17 I  Reading 882a8000 2178 MiB / 4095 (46 MiB/s)
2021-07-26 18:24:18 I  Reading 8b2a8000 2226 MiB / 4095 (46 MiB/s)
2021-07-26 18:24:19 I  Reading 8e2a8000 2274 MiB / 4095 (46 MiB/s)
2021-07-26 18:24:20 I  Reading 912a8000 2322 MiB / 4095 (46 MiB/s)
2021-07-26 18:24:21 I  Reading 942a8000 2370 MiB / 4095 (46 MiB/s)
2021-07-26 18:24:22 I  Reading 972a0000 2418 MiB / 4095 (46 MiB/s)
2021-07-26 18:24:23 I  Reading 9a2a8000 2466 MiB / 4095 (46 MiB/s)
2021-07-26 18:24:24 I  Reading 9d2a0000 2514 MiB / 4095 (46 MiB/s)
2021-07-26 18:24:25 I  Reading a02a0000 2562 MiB / 4095 (46 MiB/s)
2021-07-26 18:24:26 I  Reading a3228000 2610 MiB / 4095 (61 MiB/s)
2021-07-26 18:24:27 I  Reading a3998000 2617 MiB / 4095 (9 MiB/s)
2021-07-26 18:24:28 I  Reading a7920000 2681 MiB / 4095 (61 MiB/s)
2021-07-26 18:24:29 I  Reading aa920000 2729 MiB / 4095 (46 MiB/s)
2021-07-26 18:24:30 I  Reading ad920000 2777 MiB / 4095 (46 MiB/s)
2021-07-26 18:24:31 I  Reading b0920000 2825 MiB / 4095 (46 MiB/s)
2021-07-26 18:24:32 I  Reading b3920000 2873 MiB / 4095 (46 MiB/s)
2021-07-26 18:24:33 I  Reading b6920000 2921 MiB / 4095 (46 MiB/s)
2021-07-26 18:24:34 I  Reading b9918000 2969 MiB / 4095 (46 MiB/s)
2021-07-26 18:24:35 I  Reading bc918000 3017 MiB / 4095 (46 MiB/s)
2021-07-26 18:24:36 I  Reading bf918000 3065 MiB / 4095 (46 MiB/s)
2021-07-26 18:24:37 I  Reading c2918000 3113 MiB / 4095 (46 MiB/s)
2021-07-26 18:24:38 I  Reading c5918000 3161 MiB / 4095 (46 MiB/s)
2021-07-26 18:24:39 I  Reading c8918000 3209 MiB / 4095 (46 MiB/s)
2021-07-26 18:24:40 I  Reading cb918000 3257 MiB / 4095 (46 MiB/s)
2021-07-26 18:24:41 I  Reading ce918000 3305 MiB / 4095 (46 MiB/s)
2021-07-26 18:24:42 I  Reading d1928000 3353 MiB / 4095 (46 MiB/s)
2021-07-26 18:24:43 I  Reading d4920000 3401 MiB / 4095 (46 MiB/s)
2021-07-26 18:24:44 I  Reading d7920000 3449 MiB / 4095 (46 MiB/s)
2021-07-26 18:24:45 I  Reading da920000 3497 MiB / 4095 (46 MiB/s)
2021-07-26 18:24:46 I  Reading dd920000 3545 MiB / 4095 (46 MiB/s)
2021-07-26 18:24:47 I  Reading e0920000 3593 MiB / 4095 (46 MiB/s)
2021-07-26 18:24:49 I  Reading e3920000 3641 MiB / 4095 (46 MiB/s)
2021-07-26 18:24:50 I  Reading e6920000 3689 MiB / 4095 (46 MiB/s)
2021-07-26 18:24:51 I  Reading e9920000 3737 MiB / 4095 (46 MiB/s)
2021-07-26 18:24:52 I  Reading ec920000 3785 MiB / 4095 (46 MiB/s)
2021-07-26 18:24:53 I  Reading ef8a0000 3832 MiB / 4095 (45 MiB/s)
2021-07-26 18:24:54 I  Reading f28a0000 3880 MiB / 4095 (46 MiB/s)
2021-07-26 18:24:55 I  Reading f58a0000 3928 MiB / 4095 (46 MiB/s)
2021-07-26 18:24:56 I  Reading f88a0000 3976 MiB / 4095 (46 MiB/s)
2021-07-26 18:24:57 I  Reading fb8a0000 4024 MiB / 4095 (46 MiB/s)
2021-07-26 18:24:58 I  Reading fe8a0000 4072 MiB / 4095 (46 MiB/s)
2021-07-26 18:24:59 I  Reading 1018a8000 4120 MiB / 4095 (46 MiB/s)
2021-07-26 18:25:00 I  Reading 1048a0000 4168 MiB / 4095 (46 MiB/s)
2021-07-26 18:25:01 I  Reading 1078a0000 4216 MiB / 4095 (46 MiB/s)
2021-07-26 18:25:02 I  Reading 10a8a0000 4264 MiB / 4095 (46 MiB/s)
2021-07-26 18:25:03 I  Reading 10d8a0000 4312 MiB / 4095 (46 MiB/s)
2021-07-26 18:25:03 I Driver Unloaded.
2021-07-26 18:25:03 I Removed C:\Users\ADMINI~1\AppData\Local\Temp\pmeE45D.tmp
